500
0 9840 9481 7452 5096 3214 3469 1483 8866 4213 1641 151 6472 6521 6061
1 6339 8483 8790 7840 8445 4161 3547 38 3746 468 477 3752 5783 8134
2 7130 3257 9918 4452 7792 6374 656 736 4010 2497 697 4526
3 1363 6 7125 8664 573 8094 6004 1229 6544 8526 6699
4 101 4853 1505 5031 9797 3614 5046 6498 4131 6962 1799 9404
5 6105 1273 7638 2494 5055 2335 3100 7006 276 3563 5185 1963 7513 7234 8212 7762
6 3859 9413 5075 3561 4412 5687 9318 167 9745 5216 2038 2058 5386 6978 7874 1774
7 2152 4592 9398 1244 997 3582 3296 6659 7561 3581 2537 8022 2897 9637 3958 8495
8 7274 6124 3954 1052 5086 1288 1615 5370 5991 6503 3371
9 5155 5059 4140 7414 1908 8098 5682 3992 5795 8040 1871 6101 6134
10 4299 8707 7308 7466 2816 9537 8724 2041 8520 5505
11 6349 6089 4946 1623 3874 2208 1477 889 4167 323 7537 4692 1898 6875 4463
12 436 5994 7970 7217 3776 5508 4987 8060 1921 2412 863 8257 1339 1831 2533
13 6776 982 7797 3031 7022 9547 4233 8816 9083 2304 6672
14 7095 3202 9899 71 304 1114 4860 6402 8617 528 648 2650 2136
15 6309 169 7772 5085 3284 2959 7817 2719 8744 560 703 3545 6537
16 1556 8911 9991 1845 533 2301 4678 365 586 2803 7244 5574 4228 5063 1750
17 5614 1138 5392 4436 2430 5233 9912 4410 5253 5385 8181
18 4596 5343 1669 1344 506 7924 325 6502 9066 1392 5297 3753
19 9568 6051 8159 9508 157 5600 5485 5728 4652 9685 5065 3784 2052
20 4783 9470 2596 3846 5561 6289 1628 2881 1346 8471 23 6694 3236 148
21 1423 4938 9265 6859 1796 5634 246 6607 4821 7925 5097 8549 4356 8841 4340
22 6665 4511 1879 2317 5718 8072 7283 3197
23 2451 5583 9817 7897 7998 6420 6280 8152 5850 2969 2732 7759
24 3182 5536 6952 5183 7915 3362 8037 5456 1055 8138 6467
25 6774 4904 7031 7946 636 6852 8059 1152 3700
26 3872 5303 9311 7825 2445 2388 1068 3974 6365 4335 5288
27 4223 5532 2331 5509 7155 6164 2839 9982 2049 8025 5492 9023 3894
28 141 2034 6267 6379 3660 2515 578 2406 1032 7956 9199 6547
29 6616 7745 5976 4823 1294 4136 786 1586 3632 8489 102 1238
30 3612 9505 7445 8361 3900 2593 2235 9768 6579 5782 3672 1367 405
31 2394 591 6104 6323 909 180 9157 9144 1702 2765 4912 9349 7929
32 9838 8438 7546 4949 9271 8464 220 2059 7910 160 2857 7864
33 6925 6259 6921 6594 7463 1207 286 5024 1982 5972 8907 8069
34 9196 2115 751 4152 4754 4513 4242 6068 3066 9332 5192 4450 1476
35 2920 9375 4117 7010 1012 1975 6561 9232 8612 6029
36 5491 9502 214 7075 5227 7356 5912 8009 4874 9335 2639 7333
37 9783 819 9535 7554 7716 6024 6177 4434 7104 2834 611 5400 218 8601 5341
38 5338 5426 1302 3471 7196 197 7557 3540 6385 872 6528
39 4906 667 3856 1219 1953 2996 6216 6234 4920 5269 7462 9674 2074 9990
40 1656 5540 2471 7026 5658 5186 9538 8648 2636 3167 2458 3240
41 5398 2105 6488 587 9295 4559 2570 7330 5020 4327 5572 2662
42 6846 9266 4812 8729 3406 9901 9403 61 7045 3403 3554 8433 8487
43 3419 9248 1938 2622 4217 3643 96 5228 7212 836 2875
44 4483 8490 4975 2379 1817 3711 379 2125 2275 8148 5358 5248
45 7060 8237 1815 4120 7512 6106 7263 5738 8151 3047 3234
46 5952 741 8891 2979 8955 3108 4480 332 5090 9395 9552 225 3802 4180
47 567 8578 9163 8063 5695 3039 2022 9367 824 4599 9609 842
48 4296 8434 2821 9402 8086 5416 6109 4414 8496 3072 9014
49 7309 4290 193 873 230 6651 1038 3629 6431 1365 8290
50 8897 5845 5365 2597 113 3185 6929 6892 5213 1250 8269
51 3670 1698 7141 7877 1102 3013 3338 657 5581 4229 9852
52 82 9156 4014 1467 2717 6667 6208 8499 808 1624 9611 3395
53 8220 9245 3933 2755 9044 8511 6869 7597 1864 6262 5424 9050 6470
54 5440 1350 407 7954 945 5305 4447 2470 6387 1351 3731 934 6797
55 490 5565 3274 2354 7380 6394 5993 8388 4969 7570 5349
56 4293 3005 1262 3745 8615 4880 4644 6506 7503 728 6258 3074 2962 8994 79
57 7961 3969 3156 8281 4219 9026 8516 357 59 5973 7931 7473 8243
58 4873 5334 3351 6137 6670 9250 3916 8452 5221 5110 5750 7549 469
59 7440 2851 5147 3083 831 9847 7865 1364 4150
60 6218 4295 8756 6583 3386 7444 8654 4145 7443 1224 136 5092 84
61 53 1258 2827 3534 8231 6112 1163 8653 9315 4015 6905 2247 7266
62 4047 2231 2568 2819 5188 9031 3975 6346 2825 9517 2865 6373 6511 1049 3232
63 1980 2252 4822 6992 7301 6723 8410 7683 1855 9370 2456 4472 4070 420
64 8128 2712 2984 2626 4802 503 4675 5037 9458 7615 2898
65 4658 2872 4615 4009 2738 2087 1455 260 6340 6838 2989 609 1868 9607
66 6972 2196 3892 5621 2147 2236 4264 4179 6337 7566 6516 2032
67 9694 9127 7804 5903 6849 1148 5958 3899 190 4280
68 154 3286 983 3625 4307 7237 361 2551 6543 2611 3584 3758
69 1400 3151 1440 8894 4769 9900 2081 1918 9734 8547 1969 2028
70 9210 555 4367 6304 9433 1450 7173 6239 8522 328 7617 4727
71 2863 4076 9747 3024 5948 3766 8057 5107 1581 3 3262 2744 7296
72 1407 9293 6940 9316 472 3781 349 3841 3283 9622 6329 6301 771 2322 2064 9270 4909
73 6595 4995 7021 986 1284 8789 2534 8681 4763 1087 4664
74 478 7181 410 6944 2245 4984 811 6599 1700 3482 8358 8775
75 7215 366 4704 7642 505 5200 8579 3375 5330 3417 8885 6020 6170 1496 3885 6054 7880 2288
76 5606 5234 4379 1693 8350 5555 9492 7223 2796 9192 6241 3203 850
77 1662 2169 2617 8014 4554 3061 3876 6896 3267 4133 8703 3465 523 250 2643 7438
78 8986 8328 3049 2557 1961 9642 7981 6690 7116 7097 1686 1061 7088
79 4323 2602 1195 6042 9935 854 6698 5218 7939 6332 9450 10 5788
80 4315 581 6710 2382 1135 5230 7741 7621 6195 7317 8797
81 8914 7329 3715 9823 5362 4218 2457 5868 6941 7482 8377 726 9989 8130
82 9874 1786 315 1264 2421 940 679 1835 7177 8889 4053 4619 9036 9197
83 3180 1603 1722 9473 2909 3318 162 3174 5905 9825 7044
84 6872 2082 8090 5282 3022 7783 2746 2035 2297 3184
85 9306 5007 8099 5453 4899 451 5909 7959 9383 1040 8049
86 2843 3209 2378 152 3886 4185 5331 3370 4890 7992
87 2418 6052 1536 5431 6010 3850 696 2580 9626 2485 2005 1524
88 4387 1235 1308 7325 5078 4795 3294 3300 9872 5448
89 4251 799 6592 6934 396 8899 7799 3881 4556 6260 9758
90 2423 7945 1919 858 7180 8936 8000 3277 9125 44 8291 8927 1430
91 996 3218 4099 4517 8736 4097 4590 216 7730 5702 1157 4350
92 6968 1188 1335 448 4744 1021 6466 2682 7578 5838 1292 5383 8685
93 6005 7787 372 6558 3242 1776 7151 9523 9593 4048 5317 626 2553 8167 9129 569
94 6648 9687 3946 3181 2481 3324 5613 2144 7258 2902 1471 2426
95 2930 4419 2628 4653 3280 1862 6475 6148 9303 5643
96 2916 2044 5980 2097 8597 6059 9919 1909 8817 8673 1256
97 6674 4187 7351 6372 2338 5289 7836 1130 8951 8248 761
98 4342 5766 1597 607 2148 3675 9913 5834 1863 6341 9411 7146 1790
99 5666 6121 4330 1084 4856 4693 8444 7304 9585 6001 5401 8498 412 1534 4901
100 9445 2936 4338 2185 5094 1861 2149 81 4751 1498 9004
101 7564 5280 9077 1942 7346 333 5965 1035 2670 4900 7550 5813 176
102 8757 2869 9673 3628 3086 1972 6709 7050 4324 8267 9120 9988 8068
103 1394 3293 4986 1749 3977 1280 3932 5402 3200 9598 5268 3723 3023 8293
104 6307 4248 598 8158 2998 4438 1664 6942 5387 6021
105 8263 6201 3866 7738 7586 3664 493 8010 9225 6918 1773 511 7240
106 6601 8697 9835 1327 534 8315 486 5977 1248 1767 1071 9777
107 8391 1298 7357 9632 3838 5395 9714 5035 7183 8362 8106 6044 8406
108 3292 7622 9639 5635 2890 1735 5209 5921 3686 8867 9329 6126 6424
109 2918 2486 4683 4761 1014 8835 4808 7352 7459 8043 6014 7949 3012
110 8715 5611 9179 3955 7336 869 2066 6989 3608 4487 2794
111 9449 9920 7289 2472 5093 6912 3867 9108 8761 6187 6482 5437
112 9610 1458 3762 3729 2678 8505 4304 5195 810 9008 5762
113 8727 4806 2091 4475 9532 5337 4709 5309 7366 5630
114 9616 9216 326 6924 593 1968 3717 8208 930 1761 8596 658 9834
115 7412 8652 5103 6520 9386 9422 8808 9744 874 4784 238
116 3459 4735 3684 1853 8645 1290 4609 5575 5631 3434 2239 9979
117 8901 3940 1080 3333 7275 35 9494 4779 4313 2734 5149 4317
118 1762 6186 2911 8966 5130 3475 8890 1574 9488 3275 2991 2413
119 5816 7859 4926 9621 8368 5466 8598 9414 9218 773 2922 1133 170 5045 2189 8386 1083 650 4765
120 1697 5626 1833 6229 5415 8085 5653 4393 2967 7626 9451 9549 455 6477
121 2645 5996 1882 4935 3644 8327 1844 4285 580 7171 2858
122 2874 6295 2850 3902 9588 6560 668 6588 5179 2505 1640 6737 447
123 8750 915 2279 6257 5135 5929 1336 4388 3153 3297 8600 1956 7012 4326 2240
124 2002 7681 9275 6791 8219 9999 4164 8626 7857 7861 5433 2345 9600
125 2798 6330 5875 2372 9200 5573 4951 3696 4937 6357 2977 3704 4359 1167 5502
126 8768 8916 6226 273 6058 8416 5961 4929 4166 8975 4407 9443 552 9301
127 5797 9073 7755 5414 309 4110 5526 1724 8146 5139 6624 2099 8552 284 860
128 3143 5515 1783 7747 8559 7714 5911 6954 8247 3653 1560 7029
129 3449 1798 675 4417 6833 464 3503 5571 4500 1822 867
130 7628 4050 9833 491 4391 150 331 1941 8831 7321 2892 2327 4199
131 5995 3350 359 4044 1759 1211 9540 1388 8650
132 1144 4724 8071 1865 7013 5278 386 6863 8215 2223 33 5800 9735
133 2007 4607 2634 1424 2692 2018 3800 5356 5148 6736 2415 4798 7105 7454 4752 311
134 2521 6386 5364 7908 6845 8723 7432 4461 7500 3528 1934
135 8150 5664 978 3382 4084 6640 6317 3230 9590 3172 2894 5391 1075 8920 7320
136 4111 4777 4037 599 1095 7960 5681 5196 5263 416 1066
137 4713 8253 4654 4714 3038 9382 8513 3145 6677 4907 4797 8462 7782
138 8056 7287 1555 833 7358 364 1654 6764 3542 9337 5483
139 6861 5363 8331 6034 3771 6937 8619 9181 3391 3747 9112 7472 5871
140 6328 5550 812 8477 8749 3480 4303 3176 4733 7978 6487
141 4427 1093 7488 6766 8950 8923 2205 5497 9296 2309
142 6077 182 5477 6641 3512 4553 8822 9111 6091 1453 5676 4923 221 7732
143 2353 9372 1417 602 7551 3456 6033 153 6087 6738 7610 541 7179
144 9959 2112 4791 7288 3600 9522 7371 4970 4257 4328 3476 6416 3405 6360 2685
145 3966 1120 2479 2960 9016 1976 7743 2522 8918 2165 9261 3285
146 2613 6489 8842 1630 1818 3831 4019 2358 7888 6163 5744 758 34 3823
147 820 62 659 5013 4078 8079 9471 9791 3270 9461 9930
148 9161 1567 4991 1085 3722 2693 8447 5657 3963 9258 8608 1252 4352
149 800 9662 6380 1317 3934 3094 3059 4800 1247 399
150 1236 3189 7457 3580 7536 4767 519 5628 8382 3121 6038 7486 5907 6067 5340
151 5839 894 3991 6430 2987 6704 7299 9574 6702 6324
152 299 4289 2369 8845 8515 4054 362 7314 7170 2417 4573 100 1562 1657
153 8425 3907 7854 9208 1606 708 8778 4810 6796 2941 7261
154 907 5858 748 1301 3572 3532 6971 3812 2365 3645 5668 5292
155 2061 9484 4956 2167 7734 3657 4588 2532 2183 1642 5251 5869
156 512 4586 9424 43 9722 6474 5158 2516 6688 621 6476 1504 76
157 1900 6401 4499 9060 92 1713 7603 6439 1183 3564 6815 7053
158 4908 7485 9056 229 6469 4755 7368 4181 8298 9408 4238 6675 8470
159 4062 6460 8197 7753 5608 4867 4591 2838 6342 5978 4520 4423 4378
160 2815 2199 632 7025 8190 6108 8429 6706 6320 7569 5006 3521 1299
161 8461 2207 9021 4402 9203 5298 7873 7588 4026 1056 108
162 718 6325 6835 6637 1775 9062 5352 5829 8271 9712 7476 2983
163 8278 529 5554 1303 7904 8803 9577 3913 7265 4162 1391 8302 9114
164 6680 888 4256 7213 7036 3719 759 4345 757 2795 7800 3613 4780 1839 518 6428 1343
165 6853 8717 3785 3920 7685 8704 1771 2194 7574 1986
166 2397 8576 7534 8346 7378 4094 7985 5828 5732 9723 2810 6196 2480
167 5467 684 8457 2102 7833 1041 774 7385 5082 1170 7379 8272 1180 5193
168 312 1548 228 4655 8992 6131 3744 5351
169 3536 5941 3895 9159 8720 5011 6628 7437 3557 6920 3079 7413 7736 7713 935
170 7471 3873 9619 9695 5241 3772 4106 5430 1802 8033 3278 336 2752 6331
171 9526 6205 2590 3970 2326 3069 8507 510 5990 2476 3588 574 4222 6538
172 4478 5988 2627 6740 4804 4587 8868 3821 1591 3620 8210
173 4698 9895 3759 355 3053 2550 2408 1978 5022 8173 8990 3050 2264 427
174 5840 7665 7763 7208 3718 823 7951 2160 7043 8373 159 1841 5444 550
175 3500 7311 5527 6152 8430 9206 590 6843 1297 9130 7361 5322
176 3990 4594 2531 9429 9981 7348 4266 9862 5752
177 4696 571 4103 797 5285 5712 3388 8374
178 5327 4363 1743 4869 2399 8289 1622 9736 2150
179 2453 9053 8903 5215 2937 6807 4127 9242 9715
180 6265 7118 1880 7567 631 5652 1905 2270 8824 3261 8125
181 720 255 7535 9928 7601 1760 233 9717 2222 3502 7542 30 9933
182 2614 8823 3109 1620 4631 3265 3809 5369 8666 9716 719 5326
183 8765 5246 2314 882 7408 7434 8137 1369 3820 5525 2289 4362 9615 9086 8227
184 6366 1814 499 3210 5983 5799 7867 6441 2163 781 6771
185 1306 6964 4496 5129 4740 7695 4982 3573 789 916 1585 8015 3380 4527 6030
186 5690 507 9804 7531 4404 6571 9400 8324 8320 671 3366 5773 244 4437 4824
187 1318 3860 6302 734 9766 9123 3424 1521 3909 8780
188 969 6358 8120 644 4799 6263 4674 4582 2883 918 9803 9720
189 1001 3931 7633 7775 6063 7272 166 9308 6585 1805 3110 5138 6447
190 6900 5503 7086 1637 7489 3467 9566 6609 8045 2008 1611
191 2503 7616 2727 8555 3198 1025 2725 7373 7136 2021 5032 2156 8439 8396
192 9634 5778 956 5939 2663 9371 3854 9389 3190 782
193 7063 7387 3326 7435 1279 3329 6722 1851 8245 9657 2495 4716 6687 6060 1117
194 9643 785 592 6278 7689 2330 6085 8571 3811 2577 501 8078 7077
195 7119 2804 4169 8044 1104 1373 1552 9865 5667 8700 9921 9770 8402 2927 4294 5946 802 3513
196 7377 1704 938 3791 3372 2932 1648 1313 6040 3853 7845 9703
197 4671 2886 4750 6396 5481 7786 3508 2877 6817 4319 7876 1546 6509 4311
198 2186 7810 1233 7611 7884 7409 4574 7899 7383 2896 1935 8570 5660 1353 3106
199 3767 1146 97 5346 5513 9065 4149 8630 439 1153 8794
200 2582 2576 2168 2191 8050 5176 4672 7020 2291 413 8696 6899 6404
201 4966 8342 8641 713 7447 4489 1179 8463 7303 7602 343 5674 7048 8352 8812 3830
202 2233 1778 1193 5922 7828 5908 6243 3641 8279 5920 2107 3504 6149 3914
203 8286 7419 8446 5016 4760 2660 5810 1436 9587 6542 3739 3639 8848
204 240 6143 7844 3345 8714 1128 2787 5661 2157 9786 5408 7976 4801 183 8491
205 7839 3423 9651 393 3026 1608 8908 9857 3233 7406 3331 6074 2768
206 411 8760 1497 7624 314 2219 7134 9778 302
207 542 5442 8967 196 9235 6256 1892 639 8170 6739 953 4154 2349 116 3982
208 9440 1109 7331 3383 4253 1948 563 5371 6798 2885 766 5703 6188 6139 205 5064
209 1418 8310 8942 318 3179 1171 9152 9420 3495
210 8481 9583 4891 4613 9051 3842 1376 897 7720 3132 9576 8387 3877
211 788 725 2076 5519 2750 6757 3951 4854 5517 7971 7987
212 913 3442 7718 7072 1488 9099 5578 8055 3777
213 7250 6902 6172 2791 3170 4651 1660 6453 1082 1655 4034 9219
214 3778 2228 6316 3216 316 1319 685 7396 7907 9040 6161 8671
215 8380 4826 5332 2713 1671 2420 8865 2963 8687 3379
216 2624 1501 9291 7623 8572 1838 8921 1527 3721 9704 3241 575 9224 6369 8830
217 7393 5384 6755 9941 883 9964 8474 2882 6282 3134 4003 9325 2439
218 6654 9365 6708 2455 7464 1717 5701 8338 1950 4967
219 1672 6279 5699 1650 87 2948 9018 5124 9107
220 9104 4241 1218 8101 5867 4703 3978 1757 4449 1902 4314
221 2529 6568 9147 2957 1626 90 3626 3378 6094 1175 7902
222 3364 5618 3527 2853 1377 4849 6804 963 2782
223 4708 1688 3788 5933 9228 8807 6763 7872 1124 7802 4742 8205 1647
224 5261 1901 4542 2572 5052 2278 6767 5008 4994 2774 7307 1929 7481
225 1349 4051 473 6510 2609 488 6198 2020 5028 6437 5925 1176
226 1716 8238 210 3194 9187 4737 3714 8186 8710 2329 712 9015 9027 5053 1429 4531
227 724 1362 2751 207 3099 7241 5960 5375 9300 3562 4948
228 2243 401 3835 4349 5637 7253 9357 5232 8713 4470 4736 3662 3348 3961
229 6644 8556 1828 3803 5725 9679 272 7510 1118 904 1770 4958
230 9188 3192 4563 5886 9194 4964 1823 4648 6445 2704
231 6483 2665 6362 610 5745 8067 1382 292 4109 7161 6785 4343
232 3445 224 9282 4835 9284 8669 1492 7957 5181 7952 1800
233 9049 2705 3840 3309 8108 8859 1516 2045 3332 4746 8450
234 9809 5700 9153 419 492 2460 8246 8952 9264 3044 8105
235 7338 3973 3080 7808 8784 8852 8718 8141 5647 3882 6705 3354 5881 5286 5898
236 8127 4669 49 2295 9176 3219 3694 7722 6728 2588 3446 476
237 8737 6882 3161 9554 5559 5134 8397 822 3432
238 7424 2667 55 3597 2749 73 3529 418 8915 2161 3814 9993 876
239 2632 8230 8766 7211 3917 5824 2676 1997 7847 7113 1265 8081 1149
240 239 7427 1958 3460 4333 5204 8981 8473 7477 641 9606 7049 3146 8711 5748
241 9845 9905 3450 9733 2640 52 5986 305 2608 3983 1780 8428 8363
242 8133 9998 5447 2605 8585 4191 6638 6943 3929 252 3964
243 3761 3610 1553 8658 2772 2271 9379 1316 2225 5893 5348
244 4939 5049 8195 1644 6300 2138 9950 2695 143 2037 2718 7997
245 489 2502 4525 5586 2753 3524 6626 281 2638 1063 2192 6729
246 5739 1610 342 227 2253 6580 6459 693 6065 3457 7558 4787
247 9340 4158 844 3795 616 6914 278 9567 9472 4866 5713 7085 9510 6635
248 2952 4168 6041 8319 9664 974 7774 7526 8241 7276 3225 7023 2146 1121
249 5863 7651 2100 715 6370 4905 103 7298 8191 835 1541 7795
250 6132 163 9656 837 1166 6995 5198 6264 3255 9406 3212 1540 8142
251 8188 4666 901 5603 6647 9521 2595 279 6573 3313 8574 2213 5301 7165 5531 9290 5446
252 8225 3068 5012 1788 1435 6821 532 5187 358 8418 9260 6744 3602
253 4274 7927 1840 4510 6398 6803 1064 558 7863 4456 7519
254 7386 6250 4087 4942 9692 7694 6606 4040 1463 6480 9902 7807 6479 6082 4079 9659 6534
255 398 2610 4522 924 2606 1634 9843 8244 9421 6376
256 8962 8276 9096 4623 793 1725 4226 794 1681 3702 2970 1375 2407
257 6064 8686 7666 6076 4121 1952 4425 9997 4837 7169 1847 1242
258 6928 2047 8536 2067 7767 9186 8399 6814 8879 630
259 3647 1481 3315 14 4947 4687 5382 8959 2214 9283 9931
260 3928 9878 7030 1445 8678 5081 5743 2419 7827 8371 88
261 5119 5312 765 9652 4858 6536 5856 5722 6685 2992 7312 8702
262 8566 5259 7881 5109 7262 3057 2274 4914 1572 9740 3525 7784 5794 8145 1601 2630
263 8674 4705 3034 8011 6826 6130 9363 1529 6269 2143 5307 4035
264 6180 9164 1010 9287 3624 4119 950 3615 553 6381 9655 8235
265 4840 6707 142 5842 9945 4629 42 6691 9207 4230 4224 1348 2666
266 2078 8449 7594 1044 9025 4175 9022 1416 8421 5500 6011 6292
267 2504 6783 7226 714 2621 1293 884 4605 3398 4216 2846 3231 300
268 2541 8853 5468 2629 1994 3539 7963 6717 6199 9493 3813 4093 8531 3158
269 3494 2935 8183 8042 6242 8734 482 7559 4766 5034 8605 9464 6621 4107 352 7652
270 9512 6444 1989 5671 9961 8066 2994 8451 9142 8131 7504 7126 910 5156
271 3637 3523 1323 4721 1181 779 8469 9636 9442 2215 450 9139 1625 1668 2
272 2258 537 8459 8708 9184 9280 2172 2788 8728 9043
273 6733 1687 7292 4485 5632 8557 6620 3344 2130 7467 2739
274 8351 6614 5342 6886 5595 6266 3959 5680 6075 2674 545 9259 2114
275 5142 8997 4670 1403 144 7552 1003 7657 3334 2221 1571
276 7392 7889 9507 2722 7598 2203 1632 1067 2079 1602 7220 6933 4627 8947 6676 9453
277 744 4537 9939 3797 2043 5707 8753 686 4519 8530 2313 1561 437 8484
278 5017 7150 9861 4505 4892 6854 5287 2824 7604 425 2699 838
279 7305 7868 6951 2077 9409 6917 1652 9241 4049 1347 3703 8344 7545
280 9746 9416 1137 7344 9782 2814 7940 3691 6048 1507 9485 2404
281 661 1237 4036 4215 29 3750 6115 7875 3604 8250 9498 6908 7895 7429 3032
282 1439 360 6287 8123 7980 3464 6865 2598 5522 1357 8111 3837 4027 8618 7055 2555
283 9986 1600 4490 2071 7816 1431 5293 6808 3852 2272 9032
284 8732 1136 1998 2730 4677 4038 7727 6433 6507 4369 5462 6549 7001
285 1530 1291 692 5123 4612 9082 1820 1295 4888
286 9071 6110 5244 3418 8454 4999 760 3381 149 6146 2972 2842 6681 3981
287 4788 2396 7887 8837 2644 2677 2769 5864 3183 8905 8528 1638 652 8599 2422
288 4977 7248 1081 1542 6557 4277 1885 6840 7281 4032 6129 700 374
289 4258 6619 8480 6837 5439 1920 8672 7431 8074 6434 1890 1226 1380 7057 4176
290 3804 1673 4502 769 1904 1469 3627 6518 6253 3199 4807 1932
291 6781 4448 7843 3962 7322 3818 5731 4507 3304
292 6027 4583 4088 3716 5870 6548 5852 947 168 5072
293 8636 4944 63 1888 5495 3989 5780 8870 7106 5005 8156 85 7922 7583 2817
294 285 7614 3227 2385 1468 117 7121 5710 8194 179 5964 6270
295 4376 3390 7639 8466 4550 1050 114 7318 6276 3705 9831 6611
296 5857 9028 6299 3178 423 1322 1565 7563 8764 4431 2773
297 9686 5108 7587 3887 806 6471 1538 1930 3404 3839 9970 5504 6296
298 5038 1723 7278 9816 6879 7903 8996 4153 4013 6890 1255 6922 6584 9545
299 4347 7142 5878 8114 9122 3085 6567 9038 4577 77 6000
300 8881 5044 768 1147 2721 4135 9171 7249 1142 2848 3195 4965 1105
301 2386 9942 3269 7798 980 2153 4778 7577 4137 295 1944 2526 971 6967
302 8213 7533 7475 2145 9366 688 6456 8595 3243 7204 5219
303 1444 1474 4568 9166 9298 1785 1514 8882 9896 6496 6949
304 3129 4189 3760 5549 8455 1172 4321 6135 5861 2867 3119 1784
305 3310 8624 5336 4902 5751 2687 7680 9312 8982 8580
306 6748 7347 5520 7721 4569 8562 1751 1069 428 4555 9475 1472 8930 2870 4626
307 9132 6312 7824 172 2063 2467 4065 165 1769 2764 6338 8880 6327
308 5182 1451 5146 1962 5203 3493 8035 6426 5399 7525 3463 670 3454 9842
309 7975 1520 9693 3492 9738 2336 2680 7547 8031 4501 9731
310 5567 9330 2802 5723 1046 3451 4665 3291 4360 8874 7984 6734 9608
311 7066 7770 4720 4998 3135 8076 5598 2166 2488 8185 1031 5899
312 329 5724 9237 9231 3651 961 1053 4337 1729 7760 1162 6696 5821
313 663 4552 827 4173 4177 7327 243 1186 8898 463 83 7791 5507
314 2124 5769 7474 1309 7028 7582 7381 7837 496 4558 7285 4985 7709 9968
315 2425 7528 2201 4996 206 9618 8126 6530 98 9548 7009
316 7059 7038 6117 6617 8077 2492 1197 2070 5000 9994 4113 6630 8922
317 390 9 9466 5950 6231 6936 1107 9595 1091 8 3869 1979
318 7647 4281 6353 8518 9668 7135 3787 4046 2046 41 2512 5367 307 3207 105
319 2391 1002 7159 1334 123 6539 8810 7937 297 4132 3165 9138
320 7562 4533 7977 345 4124 5535 1425 2669 3755 1414 2926 6492 5677
321 2364 3569 6894 4877 3414 716 7273 3520 8163 1587 1328 6071
322 6183 3171 5579 8953 6308 9278 8488 5584 524 7087 5003 5175
323 4950 763 6794 3732 7869 6407 3415 5693 2014 535 7781 3051 583
324 7494 8027 7027 3035 9175 256 3327 1651 6200 9972 3448 3923 4660
325 2129 5615 5258 1396 137 6851 2735 6217 5622 9661 6235 8864 9407 2464 695 2414 1731
326 8620 1200 6775 67 7132 6203 9317 3579 6354 3501 6973 4442
327 7499 2985 1410 36 6155 1465 6953 7127 3857 4638 7455 8116 2013
328 6397 2759 6136 9146 7656 3258 6718 3910 3301 6423 1287
329 440 9683 500 1753 5224 2473 3246 8252 5514 8228 3720
330 9962 8177 5865 5406 6792 5229 9010 4508 3011 5393 6018 8838 4884 75
331 3003 3531 3408 6770 3535 3548 2766 2092 7507 7673 9755 5913 2060 5163
332 8118 2975 2411 2389 839 1705 9966 6909 5202 8924 8560 7138 7206 2437
333 2050 1239 7040 7654 9427 8833 9078 4924 8782 389 8663
334 8635 8234 9807 4758 4749 6631 9117 3567 1460 4255 3098 2282 2707
335 5153 1005 9436 9760 6230 4331 4196 4424 4876 3052 8512
336 4243 3373 7841 750 8767 9784 5919 7426 4667 1139 6778
337 3177 380 1361 9752 7675 3683 4818 5132 2090 1512 303 5407 3905
338 8821 5781 2383 9302 480 5901 1746 4857 8136 6133 6207 6393 2501 7185
339 1208 6249 4486 3843 8758 790 3017 5350 6213 6224 8203 9013 745 9007 321
340 7232 9102 9067 296 7228 7233 5547 6351 5679 8676 6519 2818 8683 1289 979
341 3995 5548 8226 6646 3041 9019 792 7290 2701 9953 8844 843
342 1398 2770 6154 465 4361 6811 680 171 3429 8492 3101
343 6452 2990 546 9868 5670 9418 9984 5719 7143 3091 1636 337 2057
344 7195 6574 976 8610 4636 5347 6805 8963 9732 4963 5295 1807 5885 3783
345 8240 5300 5257 7516 381 2126 6421 8862 2852 6169 2565 1752
346 9011 8628 5404 5275 7041 6747 5770 6190 9890 9432 3596 6545 139 1557
347 3016 9094 1558 4843 1991 5730 6834 7991 9090 6107 3256 9080 6523 4170 7968
348 2465 9946 1338 5115 8564 1266 1086 5137 9327 6158 200
349 7042 9775 1533 7890 72 2351 9313 1341 8236 9926 7062 5388 1889 8814 9374
350 3780 6749 8436 3710 9334 5968 4694 4915 8300 8121
351 7686 4275 4018 9255 7506 2836 3148 2800 1059 4212 1043 6712
352 624 5587 1793 2468 2500 3027 9690 2653 3058 646 2342 5815 828 9955 8716 7120
353 353 1829 7128 6720 6780 548 2828 6070 57 7838 3020 2454 7147 4400
354 896 6959 2840 5849 6636 5675 6166 8740 2296 1011 2128 4341 6827
355 8781 3137 4725 2560 9238 7988 9364 8110 1092 9262 521 2781 6095
356 3473 2871 1019 9721 133 1893 7605 6103 8153 9562 5157 5054 1246 8332 3077 3376 1134
357 6415 5127 8627 928 9415 2305 9707 1577 972 3698 7751 2615
358 7224 8184 6189 5355 4968 6877 1241 4983 1860 2055 2947 8395 6889
359 6974 3046 6589 7682 2140 5790 2726 6564 3018 7350 3004
360 4663 1018 8171 9718 6919 3659 5563 4272 5144 8306 56 443
361 51 4441 7739 5499 5659 5959 9002 277 3139
362 3774 3322 8542 7630 5473 8804 547 9434 7260 5141 3363
363 1849 3984 6251 9254 7749 1718 3065 5493 3323 5951 7589 5747 8233
364 6150 2217 45 7216 9477 6713 9726 4439 4743 6993 9178
365 5651 6497 6926 2823 8926 3673 5566 4279 4390 7037 5947 8900 5029 3728
366 5434 6222 5079 4092 0 6741 5236 8305 5853 2398 475 2346
367 1304 1569 2209 9546 241 2573 18 6290 7460 8788 9487 585 456
368 1257 1720 2033 8742 7109 7354 7376 5206 2469 6261
369 6215 861 5410 9124 6686 9792 7065 2658 1457 7752 253 9087 1736
370 8051 2395 1801 5601 6642 8502 6874 3472 6931
371 9943 1883 5290 1554 484 1959 5482 2094 2513 9410 5260 6418 9581 730 3427
372 7174 2559 1590 1665 6144 4429 1715 5798 4416 1028 5617 7210 8140 847 3111
373 1390 662 7846 4214 992 8468 5256 2607 4993 7349 5999 3677 3576 2416
374 6451 4614 6036 4186 3544 4322 3648 881 9454 1212
375 8523 2450 7966 8420 7014 4706 5596 2736 6876 7811 955 1145
376 9859 8738 4031 7076 6597 9650 2939 1645 3422 7790 9075
377 4632 6167 9660 1857 7691 7911 50 9563 8256
378 9338 4566 8785 3067 4192 1409 3251 738 4237 8858 8283 7101
379 3425 3516 6866 7158 2051 8773 5558 7282 4637 3491 4068
380 7202 4318 9331 4464 7918 4497 536 2523 818 2325 1428 5887
381 5755 8634 2709 1734 7461 9351 1906 9304 4512 1386 2925 3656 9848
382 8969 5684 7990 1482 5429 3943 1621 9853 2024 6236 369
383 3526 9846 9496 9378 1161 7608 2220 1156 8609 7916 8800 9627 6141
384 7835 8264 9137 2249 7581 5041 4851 1627 4382 3693 1670 4020
385 9305 2586 1020 9688 4039 3453 7082 871 949 9035 4541 8895 815 1072 8722 6613 5715
386 5335 6773 5896 2267 2459 7131 268 4195 7428 5785 7955 5443 8698 3937
387 1609 376 9068 1926 5814 438 8876 579 8928 9850 5057 4308
388 4897 4052 3000 3667 2657 9856 3945 4197 385
389 8260 7186 691 134 9586 5004 7693 8249 9459 9093 8809 6671 2175
390 7340 7382 8793 3743 2202 3188 5069 4792 6598 7156 232 4060 1042 647 7699 9533
391 6311 2723 2754 3298 6540 1689 8588 1210 4695 5368 8135
392 1666 3575 8312 4244 7242 4593 4911 5812 2277 3904 9135 9800 9444
393 7004 2953 1379 5068 7416 2777 3319 6556 4789 4842 2491
394 6504 4122 6546 9509 291 4041 3440 9682 7919
395 7192 1981 2684 864 3734 8270 7894 8038 2384 1992 1401 3103
396 2009 706 198 7986 5859 2530 1267 4206 177 9268 4401
397 7114 2197 27 2109 6345 3096 5854 9781 6578 1434
398 4080 7606 115 4726 3888 977 2001 2255 5308 5247 4572 8854 6572 5211
399 8018 6138 8084 1811 7580 8117 4118 6742 7365 5607
400 1371 1017 6961 5564 8743 9876 1719 6669 8199 5389 4564 6541 6281 952 3586 5880 2340
401 6388 3164 9344 8548 2900 4635 203 6209 603 1728 8088 421 5772 613 1479
402 5533 7058 4481 2868 2195 4001 8699 3551 4381 4148 6092 5775
403 4225 5376 7359 627 9388 3565 3116 6181 2904
404 3618 6097 3590 8999 4862 2373 1925 212 5239 6193 7163 2182
405 6991 3616 351 2973 8527 5125 8973 6425 5692 6627 3950 6458 8193
406 9396 6526 4893 1129 5551 8509 7451 3634 6512 6318 8254 3486 7302 2673 5339 6049
407 9428 7801 2571 7197 5953 3349 4646 7556 3794 129 3537 6986
408 9763 4476 4247 458 1352 8432 3224 2908 4348 8896 188 7133
409 5166 8731 1220 1276 8521 7493 1708 2655 8801 8904 2569 5862 259
410 1198 106 9256 8949 9957 4828 442 4397 5299 3736 2284 551 5445 8284
411 1866 6389 5949 989 2540 6602 2968 5636 263 7702 7568 271 4551 4286 4855
412 8064 608 540 1559 9172 9274 2171 6165 2747 6963 1923 3007 755 8343
413 3071 7256 4684 7064 1159 9358 701 9557 1006 245 110 7200 7653 5451 6692
414 2248 4747 2355 3260 3288 8554 9602 6436 6582 7823 4539 7575 8005
415 7279 213 7672 6174 8239 6656 8367 8169 2318 4772 3130 1140 1510 6464
416 1858 3002 8746 2575 9582 7182 9140 3365 7395 600 6192 6355 9252
417 5663 5061 2584 2690 3347 4232 6822 3325 161 5904 5143 4399
418 4819 7160 6750 5432 3014 7201 8143 7122 7362 4042 8883
419 694 6531 2447 9954 6419 8762 3847 5418 60 269 1917 9230 4045 9299
420 1275 5609 7740 5936 9001 2538 6179 3999 158 8322 2164 5998 2855 397 7669
421 5568 8052 9463 1595 5320 1912 8792 6002 3522 8089 6608 8832
422 4203 7748 4389 8372 5056 722 6227 5537 3605 4159 3006
423 9530 9827 4928 5552 2224 7909 2767 247 5704 2402 6153 2111 9160 3936
424 5900 6408 9236 9092 4061 2242 4351 2381 9623 3377
425 1230 9887 2475 944 1345 3987 2536 2462 2256 4435 8443 6724 4066 895 2403 9347 2121
426 3264 1691 26 8176 449 3864 7102 4811 9866 3749 1711 5902
427 3947 2708 4138 2980 348 6367 2878 4883 8733 3792
428 9898 22 6286 6468 1881 8175 4444 8878 5170 6413 9115 7521 4077 4071 7 7153
429 798 9829 8705 1420 1781 6315 7436 5161 739 5226 7921 5099
430 6271 6683 3401 5818 8632 6294 4205 5422 7609 5323 4567 6752
431 8012 9514 3138 6334 1617 6378 7246 8846 8670 8958 625
432 7676 8389 7270 6996 2302 4178 5546 2548 265 4086 4624 7883
433 5926 5706 5172 3308 3330 2623 231 6102 514 215 6118 3870 8062
434 8586 219 1456 2745 2068 1696 8989 8508 899 408 8592 2238 6810 267
435 283 3897 4640 7505 6662 3102 8510 8529 3025 3152 1570 3447 9808 6893 3541 367
436 6221 155 9871 9796 723 2232 3552 3506 5073 1727 3352 1566 3827 1077 7629 8910
437 3154 9222 5927 7124 3640 3948 5291 9830 8613 5639 9965 7634 2951
438 1495 5705 2508 3985 7316 8413 8103 4532 4033 8813 1937 7355 3836
439 5104 1475 9769 6275 6901 202 4073 9937 2820 4679
440 2741 8046 4474 3169 9676 2065 3682 5359 2263 54 926 9244
441 2290 9575 1312 7218 2785 3211 1182 28 3707 4091
442 9802 1426 2332 8972 3357 6356 6377 8115 3222 8978 3092 7259 9003
443 7469 287 4580 7000 2127 392 3461 118 6081 4954 3271 1125
444 7495 8912 9495 1194 3773 7129 5284 9832 2879 7742 6495 6400
445 7277 1324 8224 4128 6125 8216 209 1070 9462 9995 4151
446 7969 9728 7484 754 4814 7697 483 9551 1826 8004 3113 2554 707 1984 8644 6938
447 1897 2779 3968 1202 5590 3939 1896 1227 3533
448 1169 4785 3374 8532 2190 8147 4344 9045 5169 1097 2062 3713 2740 5390 9030 756 4385
449 4000 3337 8164 9204 9949 9867 8394 1964 1358
450 6062 1663 9635 5553 5835 1466 2401 5757 3411 7069 7849 9483
451 6786 9079 6787 7255 3953 2262 3530 699 8337 3037 3226 1523 5860 925
452 7107 8178 4702 8787 1047 4941 4846 6745 1695 3681 6465
453 6395 9691 1203 9948 2431 6273 9617 9089 132
454 3666 6031 204 320 3699 8093 7764 1111 8405 8217 9604 6550 6336 8017
455 7518 4838 6801 1867 8693 2350 2511 7560 5235 1758
456 6157 7856 3193 9478 9671 1419 6979 1223 8097 6417 4100 6653 3320 5220 8684 9669
457 5915 3356 8735 1955 6527 1234 1033 9399 5490 7728 5966
458 2006 5874 1537 7851 8024 4576 461 4565 3751 3117 7852 7517
459 4865 6035 2844 8168 257 6577 1007 9764 7448 1459 7450 8538 5474 4786
460 1022 3764 3956 7540 5353 4411 1432 5131 3147 735
461 1528 8080 4600 7663 5892 6414 9005 1806 7821 6587 7039 6313 4007 9573 5458
462 5924 5779 1756 7719 9743 6700 6529 6878 3479 7933
463 1029 4193 3555 3737 2591 3793 689 4816 5534 5379 1646 9653 1016 5656
464 9569 95 3570 5174 8584 2938 7543 5255 9348 2679
465 6777 7687 1168 6185 3926 7796 1122 7074 21 8287 7267 2986
466 262 9110 6160 5708 124 7375 5126 4688 605 6184 1150 7219
467 4115 2647 5895 9711 8917 5027 4656 4830 8501 5162 199 9903
468 5624 6297 5556 5 1245 6985 4373 1259 7659 8157 7193 8053
469 8408 6823 9289 9081 5328 9785 7723 1924 1164 8174
470 4771 1605 6119 9482 7269 1427 2216 9658 5592 9858 2176 1079
471 6673 8614 7700 2429 7123 1583 5033 8202 3474 4534 966 5240 5427 5822 5501 4528
472 9168 9646 1973 2085 849 8423 2048 5070 2934 6525 9380 5538 780 732
473 6448 6590 4292 7993 6505 7870 5450 6382 7771 5654 3630
474 7627 6650 3133 6364 8540 7117 5252 8309 3825 5737 9780 7965 2958 135 753
475 195 6255 6210 6347 5249 3084 6903 47 2711 3518 4354 3043
476 5279 2448 7353 6725 502 8032 1342 5683 5459 2463 6652
477 9710 9936 414 7490 3655 954 4976 8815 2359 8092 687 8307 5917 2155
478 3458 9529 1127 9597 131 8625 2083 7194 4717 4377 5848
479 1027 5051 2864 147 2946 5764 775 64 9558 9677
480 7826 7650 1834 4112 2528 9076 1321 2376 3765 3727 5471
481 5678 5754 1694 6639 2356 3392 6343 191 7399 2856 4134 7115 1383 4728 5412
482 5321 7585 8847 1579 868 5625 6191 3389 4123 6857 5975 4628
483 6116 5897 1907 8954 9555 6274 4240 8440 4659 417 4200 538 270 1216
484 1613 2737 4291 1340 9511 5662 2218 4936 2324 7996 5472 4879 5112
485 7157 1582 6633 1201 6956 9666 5825 4383 2135 1763 2790 3543
486 2835 6457 4126 2210 8739 813 9675 2524 1034 8539 5962
487 4589 6037 1192 5197 175 2483 5957 3863 7017 290 7842 1884 4457
488 7295 5717 8357 3048 3410 370 5602 5570 9215 7756
489 1399 731 2367 3394 9273 2997 9438 6176 317 1337 1710 1058
490 446 5271 6950 2826 1184 6555 2950 5786 4757 3805 8726
491 1631 5121 4988 8179 111 9624 4697 7974 764 6245 2783 445
492 4903 6990 8637 5883 2184 7367 7166 9063 5756 2564 497 1489 4645 8706
493 1196 7591 6449 4782 9101 2230 7948 7806 2123 7453 8265 4129 8431
494 3342 122 7901 8747 6025 8001 2635 8494 2910 3622 8948
495 2811 6612 2860 893 5753 8931 740 4418 3045 5454 4832 7456
496 3546 1616 4421 8166 6746 8376 3826 1957 5270
497 6824 2668 9047 4332 4955 7688 879 1940 4649 7641 2895 8275 9457 8209 1454
498 8819 1682 6793 6410 9705 8888 8887 7530 9708 9571 3706 3316
499 8796 7293 3505 9640 1515 8013 1639 5890 5872 5276 457 682 522 2003 3163 3144
