100
0 8549 3376 5820 5414 5046 8738 8600 1558 1265 6192 8414 1405 9836 4460 7688 2428 9054 2108 3901 2556 4548 4577 2485 1847 3580 4829 9204 2825 893 5905 3489 2977 2899
1 5865 4589 477 3912 2908 1473 9903 1403 5519 831 5515 1422 7269 6890 8620 1581 2758 6649 8015 6797 6094 3828 2094 2340 6981 615 3996 7797 1208 1030 5561 1512 2509 7292 9030 5367
2 9 3 38 12 21 23 15 16 54 1 104 59 58 5 27 4 20 8 33 62 32 24 65 55 22 35 18 42 102 94 156 44 10 29 103 28 19 69 120 126 138 3244
3 3603 9355 9710 5872 2095 1549 3811 2220 1577 1530 6990 2398 1992 3591 2518 7253 5848 3471 1135 2191 6357 1366 8342 5582 8297 7459 6329 5803 1362 7792 6064 1251 2567 999 6163 7677
4 2098 3056 7687 941 8401 9493 2791 6205 7287 8518 8428 7122 3946 5196 3769 818 2894 3654 3420 5774 2436 6147 6913 6629 3033 5161 6074 4238 6744
5 5782 2056 2365 1147 4908 986 780 611 2627 2867 853 1740 2491 648 4089 5197 930 3900 602 696 1693 656 3632 1357 2785 1183 1173
6 280 89 157 292 172 163 177 378 368 689 399 302 129 235 334 214 118 140 1476 250 160 419 659 3794 514 239 210 148 391 7624 3756 1502 3097
7 461 462 756 1496 1754 237 1959 1027 2169 3203 242 456 714 316 1462 610 992 6684 1985 625 3009 848 1805 2285 1704 1452 1332 933 1979 450 2207 875 492 393 481 3022 948 687 3943 1315 4371
8 1377 1024 6938 1225 5812 2960 3266 9262 9085 767 2928 3179 5530 6555 2622 5186 2226 5508 1735 7553 6589 3494 4885 2247 3932 6531 9356 4316 5627 2244 7537 3389 8080
9 2024 1456 938 4390 2178 340 945 912 674 3866 516 8322 4672 2831 2748 1398 1723 808 472 1410 957 758 2359 1860 2726 9986 911 2193 1367 983 1790 1122 1881
10 1963 1667 1275 1483 560 2804 1155 1707 2405 2871 736 626 1660 1282 988 870 3170 4609 3801 9890 1516 1421 718 2424 3208 2844 6249 4430 1099 2432 732 3430 9053 4526 5725 5926
11 327 267 185 902 475 224 418 323 339 203 201 347 286 866 2312 240 371 825 1621 299 270 868 739 415 742 377 1066 670 234 1011 205 425 3673 206 653 485 2591
12 200 251 367 287 573 790 421 288 435 1401 1298 773 223 2961 2371 632 427 517 635 628 613 3813 884 699 1197 519 701 1591 346 1613 1038 1906 1084 595 2451 2112 731
13 2464 2546 9677 1293 1490 6943 2494 5532 2737 3262 1637 4911 2947 8243 6813 3251 2794 4100 4724 3880 1199 6115 2725 3648 9274 1261 8116 4001 3717 4350 2142 7658 7242
14 6662 1748 7367 3088 4468 7283 1765 9675 7593 3950 1144 1064 3125 9206 4667 5916 6630 2271 1742 1579 8010 9843 5817 2119 3987 2751 6786 1534 8388 3441
15 63 97 150 127 52 108 113 90 86 131 109 259 87 84 170 217 178 173 107 49 73 125 132 255 56 112 128 98 147 537 39 301 404 725
16 8427 5417 7774 1136 1278 3895 4597 3715 9872 4930 1596 4244 3178 3660 2356 8486 9225 3536 5403 5617 3893 6716 6027 6991 3417 1188 3689 4797 9543 1447 2744
17 617 3123 2232 9306 4343 8476 2021 2010 1253 5218 9660 5686 4607 4652 7482 6817 4254 5404 4519 8016 5365 1433 3220 4332 2342 3021 2104 1839 7488 7211 5558 2296 6378
18 1708 4824 2036 3557 1949 1259 3036 5576 1205 3688 5421 3272 2782 781 413 3116 7394 2864 7371 1849 1171 2416 7047 4160 2404 728 3623 5901 1930 7984
19 1548 1244 2041 1845 1709 1445 3861 2911 2453 9768 2233 6087 2341 7463 616 4698 8933 8006 5167 4137 4120 5108 1788 7893 2815 894 3573 1212 1666 3447 3046
20 1169 1726 2849 449 2150 1133 7820 5127 3100 3052 5672 2158 6549 1397 1187 4259 4197 3234 5876 4984 1458 3320 4662 2203 1698 3428 4894 1383 1404 6879 8402
21 386 325 1152 403 606 1350 1828 683 1948 326 233 845 392 281 501 1859 730 262 1260 1271 605 755 705 1010 238 716 1087 942 1988 887 3158 797 389 1554 3849
22 2 78 133 25 47 0 72 124 7 161 61 139 26 60 11 14 40 37 50 45 41 66 46 43 17 67 207 253 6 51 114 74 70 76 57 2848 859 1495
23 2479 479 1351 1407 3839 1042 1429 851 881 3257 1743 1190 452 1524 817 3571 750 1927 5604 1799 2202 1046 3066 1134 2295 763 1450 1803 6036 667 964 1412 1628 7607 6979 6238 3759 9559
24 654 644 906 871 3210 426 641 1566 333 382 3349 1119 746 1072 7373 971 3797 633 3171 702 534 624 536 583 1806 826 542 7086 726 889 388 977 545 769 1658 804 762 384 1629 2168 663
25 1645 3079 1328 7706 8136 5874 1347 4896 8240 5511 8888 5791 2582 7322 6973 1893 2790 8908 5553 2571 6499 9696 6434 9799 3933 3889 765 4544 2188 4348 3196
26 406 258 257 313 9798 488 2195 2052 342 526 324 660 336 1080 1936 2552 589 319 1052 1019 891 923 3038 580 3317 1515 308 890 1967 3175 465 370 907 709 1951 3975
27 228 443 293 855 546 320 417 411 348 609 916 220 221 343 379 380 487 1814 376 322 195 680 552 8438 2020 344 6558 1051 500 553 2171 2033 574 446 249 650 2700 5150
28 1150 6424 2576 1627 1917 1494 770 3827 9957 4723 830 7718 1865 3236 7970 2516 2239 1909 5221 4164 960 7971 3773 4539 6756 4788 6696 2968 4417 1142 557 4325 8938 4613 4364 3923 1369 8450
29 793 1149 3842 1908 1015 3148 2644 966 1811 2684 1389 5020 4848 6031 2212 9357 5429 4752 6438 1590 5222 4895 1587 4881 4596 3500 541 1100 1700 4362 1721 8806 4632 2291 7518 4023
30 2563 8740 4801 4378 9948 2091 3617 2951 6044 591 2575 1826 7431 3941 2932 8871 3593 7854 1717 5792 7345 1713 2447 2329 6790 2692 2853 6097 1643
31 405 256 356 202 463 499 2360 715 241 141 694 159 222 1734 289 1106 431 364 291 1528 197 167 215 597 93 2196 457 582 590 445 273 331 1506 513 2076 5921 1310
32 645 2965 622 1574 864 1663 743 4850 975 2882 1824 940 2609 949 520 7559 540 946 1009 2184 3973 1414 1185 2836 1162 4791 1140 2883 3458 3053 3992 6049
33 1990 1114 2521 1049 3119 812 2444 441 7208 1201 1603 4498 6656 2555 961 1418 1365 3476 3679 6697 4129 7437 3699 3000 2219 7155 8488 3224 7387 809 5492 2250 5294 8168 9896 3563 3457 6698
34 1575 3764 9952 1809 892 1884 1007 2126 6755 2713 6538 4659 6130 3959 5597 1322 3643 2270 1647 3364 5084 6523 1415 2384 776 3516 8755 3127 1269 3034 9255 3949 5490 9549 8965 3162 4347 5862
35 3560 2581 1842 675 4435 8315 4207 5158 3020 7709 3190 2681 8991 7304 4710 4169 5552 7378 5305 1440 4472 9392 4410 3662 6059 6077 3388 6644 4622 4112 9391 4615 9713 6962
36 1238 5502 5193 6210 1245 1797 3230 4688 5140 3808 5929 2506 5330 5811 9521 697 3777 2274 1211 1897 4070 5041 5545 7092 3328 4172 1525 1850 4889 6577 2659 9933 3483
37 1358 1029 444 865 2096 420 784 1300 524 1177 2430 1866 1214 672 8660 8890 1391 1222 491 723 430 989 3243 396 410 838 1233 706 1921 4761 681 1958 5526
38 7975 2093 3323 6284 2067 1370 9842 7852 4809 3449 2047 4221 4009 2840 4535 4862 4694 3490 2173 6411 8643 3478 5957 2880 8704 2717 2992 8567 7764 3926 4018 4981 3300
39 5895 1854 2503 2383 1292 2128 792 2125 9061 896 2143 1481 2688 8886 6510 879 1973 8735 1082 2990 7182 1654 9465 2092 878 5540 3298 4629 3493 6063 5634 3938 1981 8000 747 2222 4302 3470 4768
40 3098 2886 1880 1184 2566 4849 972 2005 1047 1382 3016 7574 1846 4790 9519 7347 2639 8087 749 908 1729 1514 6015 1787 4408 4642 7635 4314 2228 2286 4225 9561 3121 3879 7895
41 1148 1213 581 2344 2415 748 4255 1058 1477 1837 3135 3884 910 1168 636 1175 814 4253 5038 5154 2458 1039 630 5226 5737 7606 5724 2160 2683 2735 9652 6379 2120
42 2514 5860 5066 1393 690 800 1789 661 2400 8931 1386 1664 4537 9567 1224 1059 2710 3609 4820 1486 9886 1889 6085 4032 2241 4251 931 6398 6829 9749 9485 757 2305 7589 1270 1611 3172 9572 3198
43 7112 5205 1758 3358 2063 3164 2611 4016 4533 4320 4501 5209 8663 9528 863 4341 7495 695 664 5689 9359 4742 8421 2869 3418 5616 3291 2419 3455 9019 1339 3616 3540 7986 5124 1894 6848 2288 1584 2198
44 2072 569 7594 2050 1488 1651 2884 4127 4223 620 1070 3604 2743 9400 7281 3392 7337 8480 1993 1672 1380 6452 6692 2565 8520 5494 6919 2106 5626 3004 976 3350 3820 9502 6986 8034 4982
45 309 121 122 111 162 181 180 315 248 171 137 332 193 194 397 330 123 110 191 412 99 229 187 213 1000 142 244 151 225 158 318 337 951 164 268 554 184 1954 6729 900 2818
46 1286 4148 1944 1337 8160 925 1775 733 777 7408 1451 612 1356 3249 2167 4372 1694 778 729 761 1294 486 3076 898 1076 6169 2065 1161 1108 4152 3233 9902 4704 5412 4370 3003 873
47 1899 614 883 1582 4336 1680 673 2199 525 3659 1235 568 1250 1702 1249 786 4738 740 3761 685 618 1642 387 600 3624 2392 3106
48 8355 2619 1371 1218 515 751 3768 4103 4497 453 745 1104 2469 1272 1526 1653 2319 401 584 2842 1402 1344 2988 483 686 1062 704 1665 703 2593 862 982 2300 669 1180 1093 1986 3684 5973 1510 3477
49 1192 895 3332 1107 768 1325 1935 3229 1538 1844 2665 959 5275 572 766 3499 3059 2662 1716 6018 6037 1746 5675 3144 5419 642 9320 7600 6165
50 2292 3246 3443 464 888 1871 4331 1221 926 693 528 2114 647 2542 6828 2477 1376 1063 2941 436 1020 1599 2321 788 833 8992 1493 4096 9386 4995 5295 634 5014 651 4046 8088 1089
51 9234 8783 4705 1989 2420 4847 6237 3586 1848 3924 3824 1602 7694 1692 3634 2633 3218 3734 5230 6463 5031 3084 9213 6211 1960 6877 3804 7404 7140 8132 5501 5534 2500 8429 2826 8513 811
52 2702 6171 1465 2165 2345 1417 2164 7307 1088 4421 1179 3819 4415 2948 2235 1186 5555 2029 7959 7252 1096 1469 9770 3615 5662 4869 9832 2512 9946 7768 5407 2852 4495 6682 2162 2523 4844 1597
53 1228 807 7064 3528 1296 1035 798 6126 4630 2473 936 1191 551 2249 1277 530 4478 1436 7791 1021 899 846 860 1695 1081 665 341 1408 3548 385 2282 9894 5381
54 1001 383 521 1449 451 484 954 918 350 678 561 1489 489 571 996 354 398 1378 219 772 1361 655 349 935 6043 2612 4181 1304 283 429 232 448 408 928 198 442 968 5554 9517 2153 4247
55 460 175 101 134 166 209 374 579 366 246 149 218 414 978 300 208 437 254 144 196 1459 2337 468 394 662 362 402 263 168 720 549
56 9175 2650 2746 3577 950 707 1804 2832 8843 816 3338 586 914 4612 2349 1287 791 5795 1075 1198 3442 1646 1116 1210 9471 785 4514 5276 7548
57 422 963 962 2568 7672 1442 2147 1073 779 566 369 2348 523 3989 480 1863 306 432 260 738 1318 294 1156 1877 567 1074 274 496 296 512 760 721 3831 1334
58 806 1739 1067 3911 629 7279 6486 604 631 1132 1326 1309 2985 1086 4104 5850 2012 3711 7170 6259 6382 9628 2986 4685 1614 7274 9073 8076 1159 4474 6188 3131 4133 850
59 1728 1264 2980 4184 8146 5173 5459 6676 7805 3908 9137 8969 6246 4646 8138 5376 3226 3962 5333 9412 4913 2956 4936 2732 1997 2043 2231 3952 657
60 1131 3126 1280 6307 2157 1002 2652 5641 2973 3319 9442 6234 2625 7979 5269 4837 7278 1607 789 1513 3484 3559 2293 1379 1912 4226 4240 2562 6702 6161 3387 2925 2603 5605 5721 2601 7295 3642 4413 1853 2573 5851
61 351 2976 2014 984 815 1071 507 1460 1302 1137 1706 1687 4674 2628 639 575 3626 478 564 958 285 2117 2373 2410 2769 8614 795 2649 2148 9584
62 3429 5406 3899 9676 4192 3384 3044 2762 4638 7603 7181 9203 5284 6226 4532 2745 3167 803 5887 3907 9208 4606 3753 5507 3704 6831 3065 5931 9459 3270 1764 3841 7966 1652
63 8197 2363 5410 2690 5190 2921 3337 3112 794 1619 3205 9990 4813 3496 5309 3991 6942 4281 4450 3412 5489 5624 5779 3025 8947 4540 7218 5405 3663 1303 6383 2811 1885 8200 9138
64 805 3369 3334 969 6767 8799 1783 2238 1638 2298 6820 2979 4938 676 6992 1732 1117 649 8180 9562 1518 3561 623 3520 1323 2177 7231 1919 1446 5001 8004 3535 3710 1872 7748 1522 5621 8454 3497
65 835 735 1942 2805 1491 2859 1938 764 9693 1230 1216 4584 8761 588 1755 643 710 1829 2460 4549 1966 2132 7995 2610 722 9338 9021 1679 1623 5965 1552 1956 1604 3767
66 7325 1164 6980 1413 3142 9277 2311 2055 1345 4872 5915 711 4180 4673 4019 6934 3289 1922 1102 2210 1340 5302 979 3374 965 5454 2663 5754 2037 3639 1387 6539 7674
67 13 119 31 77 30 48 68 79 36 71 34 105 75 174 92 82 53 85 95 83 64 88 136 264 165 179 155 252 176 1290 2264 1671
68 1466 8241 9360 1078 5667 533 1509 2152 3293 1373 1139 1714 4211 8733 5999 4138 1601 4025 1333 6661 6514 6001 2657 2190 2517 2327 2942 5625 1950 2524 2156 8466 2048 6745 2378 1888 1876 5661 6459
69 4734 1961 3452 2919 4763 6290 9565 3608 2100 3204 4436 1875 2448 4828 4035 4124 5896 3846 1468 5788 1455 6928 4342 3258 1145 3640 7816 5769 3594 3242 6543 3367 1856 6775 6686 4008 9010 7827 3853
70 666 2121 5264 1113 6607 6158 9566 2062 5797 1295 3784 4139 9372 8839 5801 7763 7591 4858 2087 4618 5969 7357 8586 9678 2759 3343 6688 1511 8123 4022 2059 4273 1312
71 5447 439 1239 535 8692 2959 3881 4757 5165 6946 1867 3013 3424 9574 9500 903 4560 9906 4361 1650 4044 7267 5823 7924 9607 3537 2330 1288 6022 2251 7913 1592 8751
72 543 1384 2261 2224 7433 5027 1816 2333 4807 2135 4335 7981 8512 1435 2739 3532 1126 4973 2218 8629 1396 2262 5845 2604 3282 1428 7961 4838 5882 1353 4404 1983 2809 7226 9868 4188 4594 3102
73 3403 2211 2201 1057 3826 5479 4915 9414 9794 684 6410 2064 3166 6504 4151 3357 2860 7922 6055 3708 2172 6874 1055 952 4726 5235 5847 7798 2741 7384 5838 6057 3706 6337
74 5442 4429 5011 2624 1545 1346 4427 5346 1202 2131 607 3292 813 2277 917 1987 5633 1438 2385 1257 6643 1313 7192 2406 2025 3972 2862 2631 7685 5034 1128 3600
75 1841 562 4834 744 1266 9718 1314 1130 8734 3676 2897 1670 3169 993 2551 1279 3682 1800 506 585 1054 1521 1499 775 8150 5990 495 2266 981 1032 919 9134 4063
76 3398 511 1160 2938 8056 1501 717 577 5681 1588 5427 4150 3228 6571 2715 3279 7399 3596 3955 556 6689 6907 4947 5524 6174 8989 1561 1327 1836 1426 3379 2697 6288 1771 3182 5313 8095
77 6961 4716 5435 3574 6896 7342 5022 1014 7509 2336 4098 8025 2533 3740 2258 8332 8795 7831 6356 913 5286 924 3153 1267 6600 4363 5832 4959 7156 3981 1439 2265
78 1105 2042 1913 4822 1925 2431 759 4278 8114 6348 3796 1710 8702 1697 3274 5566 7818 719 3324 1953 5834 1677 9742 5819 3735 1181 4452 1686 5278 1352
79 476 836 897 782 1883 1504 837 529 538 5241 1861 679 8055 532 682 1576 1041 3983 4428 2983 1886 598 1005 677 819 5069 8973 2051 2221 1390 1593 5299 3303 2950 9086 6402
80 4241 400 3070 1237 311 4859 1572 1165 1815 1608 1141 3017 1217 1153 1862 1012 1971 1256 1641 317 1125 601 471 1004 1034 990 226 1232 2388 7884 2433
81 355 282 212 801 1424 527 361 381 359 375 153 182 994 876 505 1741 544 502 861 458 700 312 1053 1324 576 329 1583 3110
82 2967 1606 1759 987 3856 578 1649 1615 2522 4027 9711 2145 1937 3940 8365 5472 5055 839 3502 1167 2958 1274 3032 1236 4081 9295 5091 1968 6450 9460 1026 904 1329 1691 8875 1610
83 1857 1595 407 470 3730 1532 372 9556 1635 1932 473 2413 998 1843 1091 1307 5688 6005 970 627 1044 2939 880 854 438 7315 592 619 1065 1482 2780
84 204 188 409 338 284 236 116 307 363 395 186 305 314 390 227 1258 455 321 440 279 183 295 587 265 774 1283 328 447 3140 352 5063 2380 482 621 1737
85 2144 1319 4781 8703 939 6787 7557 6475 2929 1243 2146 7214 2680 4854 4299 7756 6552 8100 5914 9609 5371 1317 2730 2397 8360 6252 4602 5463 2682 4779 1718 4459 4985 4102
86 100 117 145 154 91 277 189 80 245 199 1017 230 96 216 143 599 81 146 169 135 231 152 559 271 509 269 539 498 130 115 106 243 211 298 272 310 510 303 708 869
87 2334 698 469 7301 2071 3299 3201 6407 2078 6229 1368 1127 4227 5638 1696 4051 4040 6137 6614 8949 6779 4048 6052 8444 2838 4964 8948 6045 5959
88 4928 1570 2674 3223 4479 2209 1808 8461 1110 1776 4329 7266 4465 3909 7245 7195 2718 2452 6847 1419 1068 9546 1982 2423 7085 9167 7481 2492 9967 2493 2322 1083 4480 5546 7117
89 5350 799 3137 1154 1172 857 658 1562 1733 2712 3883 1480 828 3101 943 9547 1757 1996 2878 5270 1311 6642 1434 8601 6408 3644 1048 3843 4060 1896 4722 2587 6359 2187 7702 1121 6082 2685 867 3774
90 1427 646 1223 1363 1752 843 1767 1008 802 638 3814 466 787 3790 424 3935 4171 796 3977 1782 691 1678 752 6261 1675 6012 9358 1016 997 4126 1061 1640 4551 6160 4977
91 4830 9430 9127 2304 9088 4952 1437 6008 5613 1994 8122 3336 4770 7167 5659 692 8307 1262 4951 955 6176 3047 7525 6405 7258 3365 3450 5960 1555 2654 2972 8334 1090 4289
92 1123 2738 1673 2482 858 1541 829 4313 1273 4366 497 6025 3915 6466 7777 1503 2314 5778 2475 5731 2594 1571 3400 2696 6166 3160 1725 5246 5539 3511 1547 5136 4798 5469 2978 7013 9593 2841 2513
93 882 5361 5005 2368 1388 3194 9040 2924 2664 4319 4477 2579 7243 2355 3700 5120 2408 2497 4162 9803 6480 4090 1206 9351 2133 4654 947 4482
94 1037 5878 3141 4657 2729 1661 9977 7811 8103 5306 6785 7639 7590 932 5271 6575 5119 3871 1255 980 8835 4271 2605 9301 1812 5909 2254 7956 3509 1200 2486
95 652 915 2670 594 1124 929 3692 558 3181 1620 1120 3751 5564 3252 5170 8743 1079 956 2720 4386 5477 2850 2496 6912 886 2706 7386 3199 5985 9365
96 548 753 2240 4680 4914 467 934 504 724 474 842 2088 357 493 737 844 2003 593 824 1484 596 1461 6783 365 547 360 261 2205 713 1563 1316 5482 2060 7055
97 335 192 297 247 373 508 278 190 841 428 1991 603 358 1395 3488 266 304 671 565 1478 1807 5893 353 2889 822 345 7414 734 290 1227 1097 522 494 1077 9305 1263
98 1006 2309 1487 5748 6400 5645 6201 1636 9782 6546 4245 1736 927 6927 1556 1207 9664 8585 1474 4581 1166 5512 7135 1567 2039 6394 7723 3446 4131 5394
99 503 637 1023 454 608 531 1747 433 1902 953 275 5359 2498 490 2066 712 434 276 550 840 688 2478 1246 459 901 5144 555 1209 885 1756 6604 909 2955
